[15-Dec-2014 10:01:55 America/Mexico_City] PHP Warning:  fopen(1010000000039.pdf): failed to open stream: No such file or directory in C:\inetpub\wwwroot\HolaMundoWs\LeeWs\DesarrolloPrenotas\scan_products\php\print_ticket\print_local.php on line 3
[15-Dec-2014 10:03:44 America/Mexico_City] PHP Parse error:  syntax error, unexpected end of file in C:\inetpub\wwwroot\HolaMundoWs\LeeWs\DesarrolloPrenotas\scan_products\php\print_ticket\print_local.php on line 34
[15-Dec-2014 10:03:55 America/Mexico_City] PHP Parse error:  syntax error, unexpected 'else' (T_ELSE) in C:\inetpub\wwwroot\HolaMundoWs\LeeWs\DesarrolloPrenotas\scan_products\php\print_ticket\print_local.php on line 31
[15-Dec-2014 11:17:52 America/Mexico_City] PHP Fatal error:  Call to undefined function generate_barcode() in C:\inetpub\wwwroot\HolaMundoWs\LeeWs\DesarrolloPrenotas\scan_products\php\print_ticket\print_local.php on line 6
[15-Dec-2014 11:19:03 America/Mexico_City] PHP Parse error:  syntax error, unexpected 'imagedestroy' (T_STRING) in C:\inetpub\wwwroot\HolaMundoWs\LeeWs\DesarrolloPrenotas\scan_products\php\db\generate_barcode.php on line 130
[15-Dec-2014 11:22:54 America/Mexico_City] PHP Parse error:  syntax error, unexpected 'imagedestroy' (T_STRING) in C:\inetpub\wwwroot\HolaMundoWs\LeeWs\DesarrolloPrenotas\scan_products\php\db\generate_barcode.php on line 130
[15-Dec-2014 11:23:43 America/Mexico_City] PHP Fatal error:  Call to undefined function imagecreatetruecolor() in C:\inetpub\wwwroot\HolaMundoWs\LeeWs\DesarrolloPrenotas\scan_products\php\db\generate_barcode.php on line 52
[15-Dec-2014 11:27:15 America/Mexico_City] PHP Fatal error:  Call to undefined function imagecreatetruecolor() in C:\inetpub\wwwroot\HolaMundoWs\LeeWs\DesarrolloPrenotas\scan_products\php\db\generate_barcode.php on line 52
[15-Dec-2014 11:28:02 America/Mexico_City] PHP Fatal error:  Call to undefined function imagecreatetruecolor() in C:\inetpub\wwwroot\HolaMundoWs\LeeWs\DesarrolloPrenotas\scan_products\php\db\generate_barcode.php on line 52
[15-Dec-2014 11:32:01 America/Mexico_City] PHP Fatal error:  Call to undefined function imagecreatetruecolor() in C:\inetpub\wwwroot\HolaMundoWs\LeeWs\DesarrolloPrenotas\scan_products\php\db\generate_barcode.php on line 52
[15-Dec-2014 11:32:02 America/Mexico_City] PHP Fatal error:  Call to undefined function imagecreatetruecolor() in C:\inetpub\wwwroot\HolaMundoWs\LeeWs\DesarrolloPrenotas\scan_products\php\db\generate_barcode.php on line 52
[15-Dec-2014 11:32:02 America/Mexico_City] PHP Fatal error:  Call to undefined function imagecreatetruecolor() in C:\inetpub\wwwroot\HolaMundoWs\LeeWs\DesarrolloPrenotas\scan_products\php\db\generate_barcode.php on line 52
[15-Dec-2014 11:32:02 America/Mexico_City] PHP Fatal error:  Call to undefined function imagecreatetruecolor() in C:\inetpub\wwwroot\HolaMundoWs\LeeWs\DesarrolloPrenotas\scan_products\php\db\generate_barcode.php on line 52
[15-Dec-2014 11:32:02 America/Mexico_City] PHP Fatal error:  Call to undefined function imagecreatetruecolor() in C:\inetpub\wwwroot\HolaMundoWs\LeeWs\DesarrolloPrenotas\scan_products\php\db\generate_barcode.php on line 52
[15-Dec-2014 11:32:02 America/Mexico_City] PHP Fatal error:  Call to undefined function imagecreatetruecolor() in C:\inetpub\wwwroot\HolaMundoWs\LeeWs\DesarrolloPrenotas\scan_products\php\db\generate_barcode.php on line 52
[15-Dec-2014 11:32:02 America/Mexico_City] PHP Fatal error:  Call to undefined function imagecreatetruecolor() in C:\inetpub\wwwroot\HolaMundoWs\LeeWs\DesarrolloPrenotas\scan_products\php\db\generate_barcode.php on line 52
[15-Dec-2014 11:32:02 America/Mexico_City] PHP Fatal error:  Call to undefined function imagecreatetruecolor() in C:\inetpub\wwwroot\HolaMundoWs\LeeWs\DesarrolloPrenotas\scan_products\php\db\generate_barcode.php on line 52
[15-Dec-2014 11:32:02 America/Mexico_City] PHP Fatal error:  Call to undefined function imagecreatetruecolor() in C:\inetpub\wwwroot\HolaMundoWs\LeeWs\DesarrolloPrenotas\scan_products\php\db\generate_barcode.php on line 52
[15-Dec-2014 11:32:02 America/Mexico_City] PHP Fatal error:  Call to undefined function imagecreatetruecolor() in C:\inetpub\wwwroot\HolaMundoWs\LeeWs\DesarrolloPrenotas\scan_products\php\db\generate_barcode.php on line 52
[15-Dec-2014 11:32:02 America/Mexico_City] PHP Fatal error:  Call to undefined function imagecreatetruecolor() in C:\inetpub\wwwroot\HolaMundoWs\LeeWs\DesarrolloPrenotas\scan_products\php\db\generate_barcode.php on line 52
[15-Dec-2014 11:32:02 America/Mexico_City] PHP Fatal error:  Call to undefined function imagecreatetruecolor() in C:\inetpub\wwwroot\HolaMundoWs\LeeWs\DesarrolloPrenotas\scan_products\php\db\generate_barcode.php on line 52
[15-Dec-2014 11:32:02 America/Mexico_City] PHP Fatal error:  Call to undefined function imagecreatetruecolor() in C:\inetpub\wwwroot\HolaMundoWs\LeeWs\DesarrolloPrenotas\scan_products\php\db\generate_barcode.php on line 52
[15-Dec-2014 11:32:02 America/Mexico_City] PHP Fatal error:  Call to undefined function imagecreatetruecolor() in C:\inetpub\wwwroot\HolaMundoWs\LeeWs\DesarrolloPrenotas\scan_products\php\db\generate_barcode.php on line 52
[15-Dec-2014 11:32:03 America/Mexico_City] PHP Fatal error:  Call to undefined function imagecreatetruecolor() in C:\inetpub\wwwroot\HolaMundoWs\LeeWs\DesarrolloPrenotas\scan_products\php\db\generate_barcode.php on line 52
[15-Dec-2014 11:32:03 America/Mexico_City] PHP Fatal error:  Call to undefined function imagecreatetruecolor() in C:\inetpub\wwwroot\HolaMundoWs\LeeWs\DesarrolloPrenotas\scan_products\php\db\generate_barcode.php on line 52
[15-Dec-2014 11:32:03 America/Mexico_City] PHP Fatal error:  Call to undefined function imagecreatetruecolor() in C:\inetpub\wwwroot\HolaMundoWs\LeeWs\DesarrolloPrenotas\scan_products\php\db\generate_barcode.php on line 52
[15-Dec-2014 11:32:03 America/Mexico_City] PHP Fatal error:  Call to undefined function imagecreatetruecolor() in C:\inetpub\wwwroot\HolaMundoWs\LeeWs\DesarrolloPrenotas\scan_products\php\db\generate_barcode.php on line 52
[15-Dec-2014 11:32:03 America/Mexico_City] PHP Fatal error:  Call to undefined function imagecreatetruecolor() in C:\inetpub\wwwroot\HolaMundoWs\LeeWs\DesarrolloPrenotas\scan_products\php\db\generate_barcode.php on line 52
[15-Dec-2014 11:32:03 America/Mexico_City] PHP Fatal error:  Call to undefined function imagecreatetruecolor() in C:\inetpub\wwwroot\HolaMundoWs\LeeWs\DesarrolloPrenotas\scan_products\php\db\generate_barcode.php on line 52
[15-Dec-2014 11:32:03 America/Mexico_City] PHP Fatal error:  Call to undefined function imagecreatetruecolor() in C:\inetpub\wwwroot\HolaMundoWs\LeeWs\DesarrolloPrenotas\scan_products\php\db\generate_barcode.php on line 52
[15-Dec-2014 11:32:03 America/Mexico_City] PHP Fatal error:  Call to undefined function imagecreatetruecolor() in C:\inetpub\wwwroot\HolaMundoWs\LeeWs\DesarrolloPrenotas\scan_products\php\db\generate_barcode.php on line 52
[15-Dec-2014 11:32:03 America/Mexico_City] PHP Fatal error:  Call to undefined function imagecreatetruecolor() in C:\inetpub\wwwroot\HolaMundoWs\LeeWs\DesarrolloPrenotas\scan_products\php\db\generate_barcode.php on line 52
[15-Dec-2014 11:32:03 America/Mexico_City] PHP Fatal error:  Call to undefined function imagecreatetruecolor() in C:\inetpub\wwwroot\HolaMundoWs\LeeWs\DesarrolloPrenotas\scan_products\php\db\generate_barcode.php on line 52
[15-Dec-2014 11:32:03 America/Mexico_City] PHP Fatal error:  Call to undefined function imagecreatetruecolor() in C:\inetpub\wwwroot\HolaMundoWs\LeeWs\DesarrolloPrenotas\scan_products\php\db\generate_barcode.php on line 52
[15-Dec-2014 11:32:03 America/Mexico_City] PHP Fatal error:  Call to undefined function imagecreatetruecolor() in C:\inetpub\wwwroot\HolaMundoWs\LeeWs\DesarrolloPrenotas\scan_products\php\db\generate_barcode.php on line 52
[15-Dec-2014 11:32:03 America/Mexico_City] PHP Fatal error:  Call to undefined function imagecreatetruecolor() in C:\inetpub\wwwroot\HolaMundoWs\LeeWs\DesarrolloPrenotas\scan_products\php\db\generate_barcode.php on line 52
[15-Dec-2014 11:32:03 America/Mexico_City] PHP Fatal error:  Call to undefined function imagecreatetruecolor() in C:\inetpub\wwwroot\HolaMundoWs\LeeWs\DesarrolloPrenotas\scan_products\php\db\generate_barcode.php on line 52
[15-Dec-2014 11:32:03 America/Mexico_City] PHP Fatal error:  Call to undefined function imagecreatetruecolor() in C:\inetpub\wwwroot\HolaMundoWs\LeeWs\DesarrolloPrenotas\scan_products\php\db\generate_barcode.php on line 52
[15-Dec-2014 11:32:03 America/Mexico_City] PHP Fatal error:  Call to undefined function imagecreatetruecolor() in C:\inetpub\wwwroot\HolaMundoWs\LeeWs\DesarrolloPrenotas\scan_products\php\db\generate_barcode.php on line 52
[15-Dec-2014 11:32:03 America/Mexico_City] PHP Fatal error:  Call to undefined function imagecreatetruecolor() in C:\inetpub\wwwroot\HolaMundoWs\LeeWs\DesarrolloPrenotas\scan_products\php\db\generate_barcode.php on line 52
[15-Dec-2014 11:32:03 America/Mexico_City] PHP Fatal error:  Call to undefined function imagecreatetruecolor() in C:\inetpub\wwwroot\HolaMundoWs\LeeWs\DesarrolloPrenotas\scan_products\php\db\generate_barcode.php on line 52
[15-Dec-2014 11:32:03 America/Mexico_City] PHP Fatal error:  Call to undefined function imagecreatetruecolor() in C:\inetpub\wwwroot\HolaMundoWs\LeeWs\DesarrolloPrenotas\scan_products\php\db\generate_barcode.php on line 52
[15-Dec-2014 11:32:03 America/Mexico_City] PHP Fatal error:  Call to undefined function imagecreatetruecolor() in C:\inetpub\wwwroot\HolaMundoWs\LeeWs\DesarrolloPrenotas\scan_products\php\db\generate_barcode.php on line 52
[15-Dec-2014 11:32:03 America/Mexico_City] PHP Fatal error:  Call to undefined function imagecreatetruecolor() in C:\inetpub\wwwroot\HolaMundoWs\LeeWs\DesarrolloPrenotas\scan_products\php\db\generate_barcode.php on line 52
[15-Dec-2014 11:32:03 America/Mexico_City] PHP Fatal error:  Call to undefined function imagecreatetruecolor() in C:\inetpub\wwwroot\HolaMundoWs\LeeWs\DesarrolloPrenotas\scan_products\php\db\generate_barcode.php on line 52
[15-Dec-2014 11:32:03 America/Mexico_City] PHP Fatal error:  Call to undefined function imagecreatetruecolor() in C:\inetpub\wwwroot\HolaMundoWs\LeeWs\DesarrolloPrenotas\scan_products\php\db\generate_barcode.php on line 52
[15-Dec-2014 11:32:03 America/Mexico_City] PHP Fatal error:  Call to undefined function imagecreatetruecolor() in C:\inetpub\wwwroot\HolaMundoWs\LeeWs\DesarrolloPrenotas\scan_products\php\db\generate_barcode.php on line 52
[15-Dec-2014 11:37:53 America/Mexico_City] PHP Fatal error:  Call to undefined function imagecreatetruecolor() in C:\inetpub\wwwroot\HolaMundoWs\LeeWs\DesarrolloPrenotas\scan_products\php\db\generate_barcode.php on line 52
[15-Dec-2014 11:38:00 America/Mexico_City] PHP Fatal error:  Call to undefined function imagecreatetruecolor() in C:\inetpub\wwwroot\HolaMundoWs\LeeWs\DesarrolloPrenotas\scan_products\php\db\generate_barcode.php on line 52
[15-Dec-2014 11:51:31 America/Mexico_City] PHP Notice:  Undefined variable: handle in C:\inetpub\wwwroot\HolaMundoWs\LeeWs\DesarrolloPrenotas\scan_products\php\print_ticket\print_local.php on line 26
[15-Dec-2014 11:51:31 America/Mexico_City] PHP Warning:  printer_start_doc(): supplied argument is not a valid Printer Handle resource in C:\inetpub\wwwroot\HolaMundoWs\LeeWs\DesarrolloPrenotas\scan_products\php\print_ticket\print_local.php on line 26
[15-Dec-2014 11:51:31 America/Mexico_City] PHP Notice:  Undefined variable: handle in C:\inetpub\wwwroot\HolaMundoWs\LeeWs\DesarrolloPrenotas\scan_products\php\print_ticket\print_local.php on line 27
[15-Dec-2014 11:51:31 America/Mexico_City] PHP Warning:  printer_start_page(): supplied argument is not a valid Printer Handle resource in C:\inetpub\wwwroot\HolaMundoWs\LeeWs\DesarrolloPrenotas\scan_products\php\print_ticket\print_local.php on line 27
[15-Dec-2014 11:51:31 America/Mexico_City] PHP Notice:  Undefined variable: handle in C:\inetpub\wwwroot\HolaMundoWs\LeeWs\DesarrolloPrenotas\scan_products\php\print_ticket\print_local.php on line 29
[15-Dec-2014 11:51:31 America/Mexico_City] PHP Warning:  printer_draw_bmp(): supplied argument is not a valid Printer Handle resource in C:\inetpub\wwwroot\HolaMundoWs\LeeWs\DesarrolloPrenotas\scan_products\php\print_ticket\print_local.php on line 29
[15-Dec-2014 11:51:31 America/Mexico_City] PHP Notice:  Undefined variable: handle in C:\inetpub\wwwroot\HolaMundoWs\LeeWs\DesarrolloPrenotas\scan_products\php\print_ticket\print_local.php on line 31
[15-Dec-2014 11:51:31 America/Mexico_City] PHP Warning:  printer_end_page(): supplied argument is not a valid Printer Handle resource in C:\inetpub\wwwroot\HolaMundoWs\LeeWs\DesarrolloPrenotas\scan_products\php\print_ticket\print_local.php on line 31
[15-Dec-2014 11:51:31 America/Mexico_City] PHP Notice:  Undefined variable: handle in C:\inetpub\wwwroot\HolaMundoWs\LeeWs\DesarrolloPrenotas\scan_products\php\print_ticket\print_local.php on line 32
[15-Dec-2014 11:51:31 America/Mexico_City] PHP Warning:  printer_end_doc(): supplied argument is not a valid Printer Handle resource in C:\inetpub\wwwroot\HolaMundoWs\LeeWs\DesarrolloPrenotas\scan_products\php\print_ticket\print_local.php on line 32
[15-Dec-2014 11:52:14 America/Mexico_City] PHP Warning:  printer_draw_bmp(): Failed to load bitmap 1010000000053.bmp in C:\inetpub\wwwroot\HolaMundoWs\LeeWs\DesarrolloPrenotas\scan_products\php\print_ticket\print_local.php on line 29
[15-Dec-2014 11:53:11 America/Mexico_City] PHP Warning:  printer_draw_bmp(): Failed to load bitmap 1010000000053.png in C:\inetpub\wwwroot\HolaMundoWs\LeeWs\DesarrolloPrenotas\scan_products\php\print_ticket\print_local.php on line 29
[15-Dec-2014 11:54:58 America/Mexico_City] PHP Warning:  printer_draw_bmp(): Failed to load bitmap xd.bmp in C:\inetpub\wwwroot\HolaMundoWs\LeeWs\DesarrolloPrenotas\scan_products\php\print_ticket\print_local.php on line 29
[15-Dec-2014 12:00:30 America/Mexico_City] PHP Warning:  printer_draw_bmp(): Failed to load bitmap xd.bmp in C:\inetpub\wwwroot\HolaMundoWs\LeeWs\DesarrolloPrenotas\scan_products\php\print_ticket\print_local.php on line 29
[15-Dec-2014 12:01:04 America/Mexico_City] PHP Warning:  printer_draw_bmp(): Failed to load bitmap xd.bmp in C:\inetpub\wwwroot\HolaMundoWs\LeeWs\DesarrolloPrenotas\scan_products\php\print_ticket\print_local.php on line 29
[15-Dec-2014 12:01:05 America/Mexico_City] PHP Warning:  printer_draw_bmp(): Failed to load bitmap xd.bmp in C:\inetpub\wwwroot\HolaMundoWs\LeeWs\DesarrolloPrenotas\scan_products\php\print_ticket\print_local.php on line 29
[15-Dec-2014 12:05:22 America/Mexico_City] PHP Warning:  printer_draw_bmp(): Failed to load bitmap xd.bmp in C:\inetpub\wwwroot\HolaMundoWs\LeeWs\DesarrolloPrenotas\scan_products\php\print_ticket\print_local.php on line 30
